<?xml version="1.0" encoding="UTF-8"?>
<testsuite xmlns:xsi="http://www.w3.org/2001/XMLSchema-instance" xsi:noNamespaceSchemaLocation="https://maven.apache.org/surefire/maven-surefire-plugin/xsd/surefire-test-report.xsd" name="isis.chanaldupuy.CapitalistProject.CapitalistProjectApplicationTests" time="2.963" tests="1" errors="0" skipped="0" failures="0">
  <properties>
[...]
</properties>
  <testcase name="contextLoads" classname="isis.chanaldupuy.CapitalistProject.CapitalistProjectApplicationTests" time="0.308"/>
</testsuite>